0 info it worked if it ends with ok
1 verbose cli [ '/opt/node-v6.9.2-linux-x64/bin/node',
1 verbose cli   '/usr/local/bin/npm',
1 verbose cli   'run',
1 verbose cli   'lint' ]
2 info using npm@3.10.9
3 info using node@v6.9.2
4 verbose run-script [ 'prelint', 'lint', 'postlint' ]
5 info lifecycle vue-template@1.0.0~prelint: vue-template@1.0.0
6 silly lifecycle vue-template@1.0.0~prelint: no script for prelint, continuing
7 info lifecycle vue-template@1.0.0~lint: vue-template@1.0.0
8 verbose lifecycle vue-template@1.0.0~lint: unsafe-perm in lifecycle true
9 verbose lifecycle vue-template@1.0.0~lint: PATH: /opt/node-v6.9.2-linux-x64/lib/node_modules/npm/bin/node-gyp-bin:/home/hector/dev/vue/vue-template/node_modules/.bin:/opt/node-v6.9.2-linux-x64/bin:/home/hector/.rbenv/plugins/ruby-build/bin:/home/hector/.rbenv/shims:/home/hector/.rbenv/bin:/usr/local/sbin:/usr/local/bin:/usr/sbin:/usr/bin:/sbin:/bin:/usr/games:/usr/local/games:/usr/local/jdk1.8.0_91/bin:/usr/local/kafka_2.11-0.10.0.0/bin:/home/hector/Android/Sdk/tools:/usr/local/go/bin:/home/hector/go/bin:/usr/local/go/bin
10 verbose lifecycle vue-template@1.0.0~lint: CWD: /home/hector/dev/vue/vue-template
11 silly lifecycle vue-template@1.0.0~lint: Args: [ '-c', 'standard' ]
12 silly lifecycle vue-template@1.0.0~lint: Returned: code: 1  signal: null
13 info lifecycle vue-template@1.0.0~lint: Failed to exec lint script
14 verbose stack Error: vue-template@1.0.0 lint: `standard`
14 verbose stack Exit status 1
14 verbose stack     at EventEmitter.<anonymous> (/opt/node-v6.9.2-linux-x64/lib/node_modules/npm/lib/utils/lifecycle.js:255:16)
14 verbose stack     at emitTwo (events.js:106:13)
14 verbose stack     at EventEmitter.emit (events.js:191:7)
14 verbose stack     at ChildProcess.<anonymous> (/opt/node-v6.9.2-linux-x64/lib/node_modules/npm/lib/utils/spawn.js:40:14)
14 verbose stack     at emitTwo (events.js:106:13)
14 verbose stack     at ChildProcess.emit (events.js:191:7)
14 verbose stack     at maybeClose (internal/child_process.js:877:16)
14 verbose stack     at Process.ChildProcess._handle.onexit (internal/child_process.js:226:5)
15 verbose pkgid vue-template@1.0.0
16 verbose cwd /home/hector/dev/vue/vue-template
17 error Linux 3.13.0-106-generic
18 error argv "/opt/node-v6.9.2-linux-x64/bin/node" "/usr/local/bin/npm" "run" "lint"
19 error node v6.9.2
20 error npm  v3.10.9
21 error code ELIFECYCLE
22 error vue-template@1.0.0 lint: `standard`
22 error Exit status 1
23 error Failed at the vue-template@1.0.0 lint script 'standard'.
23 error Make sure you have the latest version of node.js and npm installed.
23 error If you do, this is most likely a problem with the vue-template package,
23 error not with npm itself.
23 error Tell the author that this fails on your system:
23 error     standard
23 error You can get information on how to open an issue for this project with:
23 error     npm bugs vue-template
23 error Or if that isn't available, you can get their info via:
23 error     npm owner ls vue-template
23 error There is likely additional logging output above.
24 verbose exit [ 1, true ]
